{
  "RSpec": {
    "coverage": {
      "/home/risible-caller-2137/tic-tac-toe-rb-online-web-sp-000/lib/tic_tac_toe.rb": [
        null,
        1,
        30,
        30,
        30,
        30,
        30,
        null,
        null,
        1,
        47548,
        null,
        null,
        1,
        29,
        null,
        null,
        1,
        47550,
        null,
        null,
        1,
        47548,
        null,
        null,
        1,
        47555,
        47549,
        47545,
        47545,
        25,
        25,
        null,
        47520,
        null,
        null,
        null,
        1,
        2,
        2,
        18,
        5,
        null,
        null,
        2,
        null,
        null,
        1,
        1,
        1,
        null,
        0,
        null,
        null,
        null,
        1,
        12,
        12,
        35,
        35,
        null,
        null,
        null,
        1,
        null,
        1,
        15,
        105,
        105,
        105,
        null,
        105,
        105,
        105,
        null,
        105,
        6,
        99,
        2,
        null,
        null,
        7,
        null,
        null,
        1,
        7,
        42,
        null,
        null,
        null,
        1,
        6,
        2,
        null,
        4,
        null,
        null,
        null,
        1,
        3,
        2,
        null,
        1,
        null,
        null,
        null,
        1,
        3,
        null,
        2,
        1,
        null,
        1,
        null,
        null
      ]
    },
    "timestamp": 1604094247
  }
}
